
> workingwithforever@1.0.0 start
> node backend/src/server.js

[dotenv@17.3.1] injecting env (0) from .env -- tip: 🛠️  run anywhere with `dotenvx run -- yourcommand`
Working With Forever backend running on http://localhost:4000
Default admin login: admin@forever.com / Admin@123
[0mGET / [32m200[0m 11.557 ms - 6719[0m
[0mGET / [36m304[0m 3.333 ms - -[0m
[0mGET / [36m304[0m 1.501 ms - -[0m
[0mGET /client.css [36m304[0m 4.642 ms - -[0m
[0mGET /images/BG.jpg [33m404[0m 8.889 ms - 49[0m
[0mGET /images/Forever.jpg [36m304[0m 12.426 ms - -[0m
[0mGET /index.js [36m304[0m 4.275 ms - -[0m
[0mGET /client.css [36m304[0m 4.794 ms - -[0m
[0mGET /images/BG.jpg [33m404[0m 10.010 ms - 49[0m
[0mGET /index.js [36m304[0m 4.579 ms - -[0m
[0mGET /images/Forever.jpg [36m304[0m 8.036 ms - -[0m
[0mGET /api/products [36m304[0m 15.498 ms - -[0m
[0mGET /api/products [36m304[0m 12.614 ms - -[0m
[0mGET /api/products [36m304[0m 16.117 ms - -[0m
[0mGET /favicon.ico [33m404[0m 3.411 ms - 47[0m
[0mGET /images/Avocado%20Face%20&%20Body%20Soap.jpg [36m304[0m 5.761 ms - -[0m
[0mGET /images/Forever%20Bee%20Honey.jpg [36m304[0m 6.271 ms - -[0m
[0mGET /images/Deep%20Moisturizing%20Cream.jpg [36m304[0m 4.123 ms - -[0m
[0mGET /api/products [36m304[0m 20.918 ms - -[0m
[0mGET /images/Forever%20Bright%20Toothgel.jpg [36m304[0m 6.519 ms - -[0m
[0mGET /favicon.ico [33m404[0m 1.269 ms - 47[0m
[0mGET /images/Aloe%20Cooling%20Lotion.jpg [36m304[0m 1.106 ms - -[0m
[0mGET /images/Aloe%20Body%20Wash.jpg [36m304[0m 1.511 ms - -[0m
[0mGET /images/Avocado%20Face%20&%20Body%20Soap.jpg [36m304[0m 8.938 ms - -[0m
[0mGET /images/Forever%20Bee%20Honey.jpg [36m304[0m 10.240 ms - -[0m
[0mGET /images/Deep%20Moisturizing%20Cream.jpg [36m304[0m 10.840 ms - -[0m
[0mGET /images/Forever%20Bright%20Toothgel.jpg [36m304[0m 11.914 ms - -[0m
[0mGET /images/Aloe%20Cooling%20Lotion.jpg [36m304[0m 9.771 ms - -[0m
[0mGET /images/Aloe%20Body%20Wash.jpg [36m304[0m 10.410 ms - -[0m
[0mPOST /api/auth/login [33m401[0m 15.064 ms - 367[0m
[0mPOST /api/auth/login [33m401[0m 8.650 ms - 367[0m
[0mPOST /api/auth/login [33m401[0m 8.074 ms - 367[0m
[0mPOST /api/auth/login [33m401[0m 9.671 ms - 367[0m
[0mPOST /api/auth/login [33m401[0m 6.300 ms - 367[0m
[0mPOST /api/auth/login [33m401[0m 8.511 ms - 367[0m
[0mPOST /api/auth/login [33m401[0m 10.120 ms - 367[0m
[0mPOST /api/auth/login [33m401[0m 8.396 ms - 367[0m
[0mPOST /api/auth/login [33m401[0m 7.755 ms - 367[0m
[0mPOST /api/auth/login [33m401[0m 5.868 ms - 367[0m
[0mPOST /api/auth/login [33m401[0m 7.614 ms - 367[0m
[0mPOST /api/auth/login [33m401[0m 7.107 ms - 367[0m
[0mPOST /api/auth/login [33m401[0m 6.723 ms - 367[0m
[0mPOST /api/auth/login [33m401[0m 6.615 ms - 367[0m
[0mPOST /api/auth/login [33m401[0m 7.094 ms - 367[0m
[0mPOST /api/auth/login [33m401[0m 7.826 ms - 367[0m
[0mPOST /api/auth/login [33m401[0m 6.975 ms - 367[0m
[0mPOST /api/auth/login [33m401[0m 8.483 ms - 367[0m
[0mPOST /api/auth/login [33m401[0m 5.891 ms - 367[0m
[0mPOST /api/auth/login [33m401[0m 11.514 ms - 367[0m
[0mPOST /api/auth/login [33m401[0m 17.688 ms - 367[0m
[0mPOST /api/auth/login [33m401[0m 5.140 ms - 367[0m
[0mPOST /api/auth/login [33m401[0m 5.319 ms - 367[0m
[0mGET /admin.html [32m200[0m 3.321 ms - 5249[0m
[0mGET /admin [32m200[0m 2.852 ms - 5249[0m
[0mGET /public/admin.html [33m404[0m 0.693 ms - 53[0m
[0mGET /admin [32m200[0m 2.467 ms - 5249[0m
[0mGET /admin [36m304[0m 1.328 ms - -[0m
[0mGET /admin.js [32m200[0m 1.625 ms - 16678[0m
[0mGET /admin.css [32m200[0m 4.782 ms - 4554[0m
[0mGET /admin.css [36m304[0m 1.343 ms - -[0m
[0mGET /admin.js [36m304[0m 2.103 ms - -[0m
[0mPOST /api/auth/login [32m200[0m 350.728 ms - 408[0m
[0mGET /api/admin/stats [32m200[0m 25.313 ms - 171[0m
[0mGET /api/admin/orders [32m200[0m 30.568 ms - 824[0m
[0mGET /api/careers [32m200[0m 28.209 ms - 29[0m
[0mGET /api/products [36m304[0m 34.994 ms - -[0m
[0mGET /api/admin/users [32m200[0m 37.367 ms - 354[0m
[0mPATCH /api/orders/ord_d9b284348e32/status [32m200[0m 12.638 ms - 814[0m
[0mGET /api/admin/stats [32m200[0m 23.123 ms - 171[0m
[0mGET /api/products [36m304[0m 24.602 ms - -[0m
[0mGET /api/admin/orders [32m200[0m 26.931 ms - 827[0m
[0mGET /api/admin/users [36m304[0m 29.760 ms - -[0m
[0mGET /api/careers [36m304[0m 30.852 ms - -[0m
[0mGET /api/admin/stats [36m304[0m 18.154 ms - -[0m
[0mGET /api/admin/users [36m304[0m 20.708 ms - -[0m
[0mGET /api/products [36m304[0m 24.656 ms - -[0m
[0mGET /api/admin/orders [36m304[0m 28.329 ms - -[0m
[0mGET /api/careers [36m304[0m 32.779 ms - -[0m
[0mPATCH /api/orders/ord_d9b284348e32/status [32m200[0m 10.927 ms - 814[0m
[0mGET /api/admin/stats [32m200[0m 16.522 ms - 171[0m
[0mGET /api/admin/orders [32m200[0m 22.081 ms - 827[0m
[0mGET /api/products [36m304[0m 27.216 ms - -[0m
[0mGET /api/admin/users [36m304[0m 26.611 ms - -[0m
[0mGET /api/careers [36m304[0m 29.057 ms - -[0m
[0mGET /api/admin/stats [36m304[0m 24.364 ms - -[0m
[0mGET /api/products [36m304[0m 25.556 ms - -[0m
[0mGET /api/admin/orders [36m304[0m 26.770 ms - -[0m
[0mGET /api/careers [36m304[0m 28.131 ms - -[0m
[0mGET /api/admin/users [36m304[0m 31.245 ms - -[0m
[0mGET /api/admin/stats [36m304[0m 23.785 ms - -[0m
[0mGET /api/admin/orders [36m304[0m 23.845 ms - -[0m
[0mGET /api/products [36m304[0m 27.032 ms - -[0m
[0mGET /api/admin/users [36m304[0m 28.285 ms - -[0m
[0mGET /api/careers [36m304[0m 32.240 ms - -[0m
[0mGET /api/admin/orders [36m304[0m 22.626 ms - -[0m
[0mGET /api/products [36m304[0m 25.596 ms - -[0m
[0mGET /api/admin/users [36m304[0m 27.451 ms - -[0m
[0mGET /api/admin/stats [36m304[0m 32.523 ms - -[0m
[0mGET /api/careers [36m304[0m 32.241 ms - -[0m
[0mPATCH /api/orders/ord_d9b284348e32/status [32m200[0m 8.979 ms - 812[0m
[0mGET /api/admin/stats [32m200[0m 18.528 ms - 171[0m
[0mGET /api/products [36m304[0m 18.335 ms - -[0m
[0mGET /api/admin/orders [32m200[0m 21.535 ms - 825[0m
[0mGET /api/admin/users [36m304[0m 23.543 ms - -[0m
[0mGET /api/careers [36m304[0m 25.457 ms - -[0m
[0mGET /api/admin/users [36m304[0m 17.377 ms - -[0m
[0mGET /api/admin/stats [36m304[0m 21.241 ms - -[0m
[0mGET /api/products [36m304[0m 22.197 ms - -[0m
[0mGET /api/careers [36m304[0m 22.320 ms - -[0m
[0mGET /api/admin/orders [36m304[0m 25.396 ms - -[0m
[0mGET /index.html [32m200[0m 1.169 ms - 6719[0m
[0mGET /client.css [36m304[0m 1.752 ms - -[0m
[0mGET /images/Forever.jpg [36m304[0m 2.426 ms - -[0m
[0mGET /images/BG.jpg [33m404[0m 3.392 ms - 49[0m
[0mGET /index.js [36m304[0m 0.703 ms - -[0m
[0mGET /api/auth/me [32m200[0m 6.337 ms - 178[0m
[0mGET /api/products [36m304[0m 7.640 ms - -[0m
[0mGET /api/products [36m304[0m 8.120 ms - -[0m
[0mGET /images/Avocado%20Face%20&%20Body%20Soap.jpg [36m304[0m 3.415 ms - -[0m
[0mGET /images/Forever%20Bee%20Honey.jpg [36m304[0m 3.870 ms - -[0m
[0mGET /images/Deep%20Moisturizing%20Cream.jpg [36m304[0m 4.555 ms - -[0m
[0mGET /images/Forever%20Bright%20Toothgel.jpg [36m304[0m 6.128 ms - -[0m
[0mGET /images/Aloe%20Cooling%20Lotion.jpg [36m304[0m 8.156 ms - -[0m
[0mGET /images/Aloe%20Body%20Wash.jpg [36m304[0m 3.835 ms - -[0m
[0mGET /api/cart [32m200[0m 13.013 ms - 110[0m
[0mGET /api/orders/my [32m200[0m 10.447 ms - 23[0m
[0mGET /api/careers/my [32m200[0m 10.022 ms - 29[0m
[0mGET /admin.html [32m200[0m 1.140 ms - 5249[0m
[0mGET /admin.css [36m304[0m 1.692 ms - -[0m
[0mGET /admin.js [36m304[0m 2.870 ms - -[0m
[0mGET /api/auth/me [36m304[0m 6.694 ms - -[0m
[0mGET /api/admin/stats [36m304[0m 14.106 ms - -[0m
[0mGET /api/admin/orders [36m304[0m 19.632 ms - -[0m
[0mGET /api/products [36m304[0m 27.494 ms - -[0m
[0mGET /api/admin/users [36m304[0m 28.543 ms - -[0m
[0mGET /api/careers [36m304[0m 29.594 ms - -[0m
[0mGET /index.html [36m304[0m 0.769 ms - -[0m
[0mGET /client.css [36m304[0m 1.441 ms - -[0m
[0mGET /images/Forever.jpg [36m304[0m 21.773 ms - -[0m
[0mGET /images/BG.jpg [33m404[0m 25.920 ms - 49[0m
[0mGET /index.js [36m304[0m 6.581 ms - -[0m
[0mGET /api/auth/me [36m304[0m 7.541 ms - -[0m
[0mGET /api/products [36m304[0m 5.647 ms - -[0m
[0mGET /api/products [36m304[0m 6.358 ms - -[0m
[0mGET /images/Avocado%20Face%20&%20Body%20Soap.jpg [36m304[0m 5.341 ms - -[0m
[0mGET /images/Forever%20Bee%20Honey.jpg [36m304[0m 6.145 ms - -[0m
[0mGET /images/Deep%20Moisturizing%20Cream.jpg [36m304[0m 7.219 ms - -[0m
[0mGET /images/Forever%20Bright%20Toothgel.jpg [36m304[0m 8.003 ms - -[0m
[0mGET /images/Aloe%20Cooling%20Lotion.jpg [36m304[0m 9.850 ms - -[0m
[0mGET /images/Aloe%20Body%20Wash.jpg [36m304[0m 2.724 ms - -[0m
[0mGET /api/cart [36m304[0m 11.437 ms - -[0m
[0mGET /api/orders/my [36m304[0m 7.207 ms - -[0m
[0mGET /api/careers/my [36m304[0m 8.078 ms - -[0m
[0mGET /admin.html [36m304[0m 0.408 ms - -[0m
[0mGET /admin.css [36m304[0m 1.227 ms - -[0m
[0mGET /admin.js [36m304[0m 2.009 ms - -[0m
[0mGET /api/auth/me [36m304[0m 7.213 ms - -[0m
[0mGET /api/admin/stats [36m304[0m 26.069 ms - -[0m
[0mGET /api/products [36m304[0m 28.530 ms - -[0m
[0mGET /api/admin/orders [36m304[0m 29.935 ms - -[0m
[0mGET /api/admin/users [36m304[0m 32.035 ms - -[0m
[0mGET /api/careers [36m304[0m 34.447 ms - -[0m
[0mGET /index.html [36m304[0m 0.751 ms - -[0m
[0mGET /client.css [36m304[0m 1.030 ms - -[0m
[0mGET /images/Forever.jpg [36m304[0m 2.381 ms - -[0m
[0mGET /images/BG.jpg [33m404[0m 3.405 ms - 49[0m
[0mGET /index.js [36m304[0m 0.761 ms - -[0m
[0mGET /api/auth/me [36m304[0m 7.296 ms - -[0m
[0mGET /api/products [36m304[0m 7.091 ms - -[0m
[0mGET /api/products [36m304[0m 6.801 ms - -[0m
[0mGET /images/Forever%20Bee%20Honey.jpg [36m304[0m 2.833 ms - -[0m
[0mGET /images/Avocado%20Face%20&%20Body%20Soap.jpg [36m304[0m 4.916 ms - -[0m
[0mGET /images/Deep%20Moisturizing%20Cream.jpg [36m304[0m 5.247 ms - -[0m
[0mGET /images/Forever%20Bright%20Toothgel.jpg [36m304[0m 6.259 ms - -[0m
[0mGET /images/Aloe%20Cooling%20Lotion.jpg [36m304[0m 7.335 ms - -[0m
[0mGET /images/Aloe%20Body%20Wash.jpg [36m304[0m 8.563 ms - -[0m
[0mGET /api/cart [36m304[0m 8.311 ms - -[0m
[0mGET /api/orders/my [36m304[0m 7.637 ms - -[0m
[0mGET /api/careers/my [36m304[0m 7.392 ms - -[0m
[0mGET / [36m304[0m 1.684 ms - -[0m
[0mGET / [36m304[0m 1.576 ms - -[0m
[0mGET /client.css [36m304[0m 0.662 ms - -[0m
[0mGET /images/Forever.jpg [36m304[0m 1.221 ms - -[0m
[0mGET /images/BG.jpg [33m404[0m 1.657 ms - 49[0m
[0mGET /index.js [36m304[0m 0.412 ms - -[0m
[0mGET /client.css [36m304[0m 1.359 ms - -[0m
[0mGET /images/Forever.jpg [36m304[0m 2.186 ms - -[0m
[0mGET /images/BG.jpg [33m404[0m 3.167 ms - 49[0m
[0mGET /index.js [36m304[0m 0.798 ms - -[0m
[0mGET /api/auth/me [36m304[0m 8.694 ms - -[0m
[0mGET /api/products [36m304[0m 11.059 ms - -[0m
[0mGET /api/auth/me [36m304[0m 11.138 ms - -[0m
[0mGET /api/products [36m304[0m 6.973 ms - -[0m
[0mGET /api/products [36m304[0m 6.890 ms - -[0m
[0mGET /images/Avocado%20Face%20&%20Body%20Soap.jpg [36m304[0m 6.901 ms - -[0m
[0mGET /images/Forever%20Bee%20Honey.jpg [36m304[0m 7.524 ms - -[0m
[0mGET /images/Deep%20Moisturizing%20Cream.jpg [36m304[0m 8.119 ms - -[0m
[0mGET /images/Forever%20Bright%20Toothgel.jpg [36m304[0m 8.185 ms - -[0m
[0mGET /images/Aloe%20Cooling%20Lotion.jpg [36m304[0m 7.779 ms - -[0m
[0mGET /images/Aloe%20Body%20Wash.jpg [36m304[0m 2.501 ms - -[0m
[0mGET /api/cart [36m304[0m 20.604 ms - -[0m
[0mGET /api/products [36m304[0m 15.264 ms - -[0m
[0mGET /api/orders/my [36m304[0m 9.528 ms - -[0m
[0mGET /images/Avocado%20Face%20&%20Body%20Soap.jpg [36m304[0m 6.284 ms - -[0m
[0mGET /images/Forever%20Bee%20Honey.jpg [36m304[0m 6.786 ms - -[0m
[0mGET /images/Deep%20Moisturizing%20Cream.jpg [36m304[0m 7.465 ms - -[0m
[0mGET /images/Forever%20Bright%20Toothgel.jpg [36m304[0m 8.345 ms - -[0m
[0mGET /images/Aloe%20Cooling%20Lotion.jpg [36m304[0m 9.094 ms - -[0m
[0mGET /images/Aloe%20Body%20Wash.jpg [36m304[0m 3.147 ms - -[0m
[0mGET /api/cart [36m304[0m 19.328 ms - -[0m
[0mGET /api/careers/my [36m304[0m 13.485 ms - -[0m
[0mGET /api/orders/my [36m304[0m 7.108 ms - -[0m
[0mGET /api/careers/my [36m304[0m 8.504 ms - -[0m
[0mGET /api [32m200[0m 0.906 ms - 53[0m
[0mPOST /api/auth/login [33m401[0m 6.449 ms - 367[0m
[0mPOST /api/auth/login [33m401[0m 4.792 ms - 367[0m
[0mPOST /api/auth/login [33m401[0m 6.080 ms - 367[0m
[0mPOST /api/auth/login [33m401[0m 5.465 ms - 367[0m
[0mPOST /api/auth/login [33m401[0m 5.244 ms - 367[0m
[0mPOST /api/auth/login [33m401[0m 6.774 ms - 367[0m
[0mPOST /api/auth/login [33m401[0m 6.099 ms - 367[0m
[0mPOST /api/auth/login [33m401[0m 6.009 ms - 367[0m
[0mPOST /api/auth/login [33m401[0m 6.103 ms - 367[0m
[0mPOST /api/auth/login [33m401[0m 6.279 ms - 367[0m
[0mPOST /api/auth/login [33m401[0m 6.262 ms - 367[0m
[0mPOST /api/auth/login [33m401[0m 6.384 ms - 367[0m
[0mPOST /api/auth/login [33m401[0m 6.531 ms - 367[0m
[0mPOST /api/auth/login [33m401[0m 6.283 ms - 367[0m
[0mPOST /api/auth/login [33m401[0m 6.216 ms - 367[0m
[0mPOST /api/auth/login [33m401[0m 4.846 ms - 367[0m
[0mPOST /api/auth/login [33m401[0m 6.957 ms - 367[0m
[0mPOST /api/auth/login [33m401[0m 8.624 ms - 367[0m
[0mPOST /api/auth/login [33m401[0m 6.177 ms - 367[0m
[0mPOST /api/auth/login [33m401[0m 5.937 ms - 367[0m
[0mPOST /api/auth/login [33m401[0m 6.573 ms - 367[0m
[0mPOST /api/auth/login [33m401[0m 4.215 ms - 367[0m
[0mPOST /api/auth/register [32m201[0m 311.331 ms - 436[0m
[0mGET /api/orders/my [36m304[0m 11.266 ms - -[0m
[0mGET /api/cart [32m200[0m 14.354 ms - 110[0m
[0mGET /api/careers/my [36m304[0m 16.108 ms - -[0m
[0mPOST /api/cart/items [32m201[0m 11.567 ms - 287[0m
[0mGET /api/cart [32m200[0m 6.623 ms - 287[0m
[0mGET / [36m304[0m 1.994 ms - -[0m
[0mGET / [36m304[0m 1.642 ms - -[0m
[0mGET /client.css [36m304[0m 1.854 ms - -[0m
[0mGET /images/Forever.jpg [36m304[0m 3.333 ms - -[0m
[0mGET /images/BG.jpg [33m404[0m 3.322 ms - 49[0m
[0mGET /index.js [36m304[0m 0.576 ms - -[0m
[0mGET /client.css [36m304[0m 1.894 ms - -[0m
[0mGET /images/Forever.jpg [36m304[0m 3.026 ms - -[0m
[0mGET /images/BG.jpg [33m404[0m 3.922 ms - 49[0m
[0mGET /index.js [36m304[0m 0.712 ms - -[0m
[0mGET /api/auth/me [32m200[0m 7.083 ms - 192[0m
[0mGET /api/products [36m304[0m 7.638 ms - -[0m
[0mGET /api/auth/me [36m304[0m 8.371 ms - -[0m
[0mGET /api/products [36m304[0m 9.680 ms - -[0m
[0mGET /images/Avocado%20Face%20&%20Body%20Soap.jpg [36m304[0m 7.492 ms - -[0m
[0mGET /images/Forever%20Bee%20Honey.jpg [36m304[0m 9.061 ms - -[0m
[0mGET /images/Deep%20Moisturizing%20Cream.jpg [36m304[0m 9.495 ms - -[0m
[0mGET /images/Forever%20Bright%20Toothgel.jpg [36m304[0m 9.037 ms - -[0m
[0mGET /images/Aloe%20Cooling%20Lotion.jpg [36m304[0m 10.966 ms - -[0m
[0mGET /images/Aloe%20Body%20Wash.jpg [36m304[0m 11.592 ms - -[0m
[0mGET /api/cart [36m304[0m 13.721 ms - -[0m
[0mGET /api/products [36m304[0m 16.091 ms - -[0m
[0mGET /api/products [36m304[0m 13.172 ms - -[0m
[0mGET /api/orders/my [36m304[0m 10.302 ms - -[0m
[0mGET /images/Avocado%20Face%20&%20Body%20Soap.jpg [36m304[0m 6.412 ms - -[0m
[0mGET /images/Forever%20Bee%20Honey.jpg [36m304[0m 5.766 ms - -[0m
[0mGET /images/Deep%20Moisturizing%20Cream.jpg [36m304[0m 6.186 ms - -[0m
[0mGET /images/Forever%20Bright%20Toothgel.jpg [36m304[0m 7.698 ms - -[0m
[0mGET /images/Aloe%20Cooling%20Lotion.jpg [36m304[0m 8.830 ms - -[0m
[0mGET /images/Aloe%20Body%20Wash.jpg [36m304[0m 7.227 ms - -[0m
[0mGET /api/cart [36m304[0m 18.234 ms - -[0m
[0mGET /api/careers/my [36m304[0m 17.556 ms - -[0m
[0mGET /api/orders/my [36m304[0m 7.452 ms - -[0m
[0mGET /api/careers/my [36m304[0m 7.306 ms - -[0m
[0mGET /admin [36m304[0m 0.751 ms - -[0m
[0mGET /admin [36m304[0m 1.457 ms - -[0m
[0mGET /admin.css [36m304[0m 0.774 ms - -[0m
[0mGET /admin.js [36m304[0m 1.553 ms - -[0m
[0mGET /admin.css [36m304[0m 0.840 ms - -[0m
[0mGET /admin.js [36m304[0m 1.163 ms - -[0m
[0mGET /api/auth/me [36m304[0m 6.096 ms - -[0m
[0mGET / [36m304[0m 1.483 ms - -[0m
[0mGET /client.css [36m304[0m 0.692 ms - -[0m
[0mGET /images/Forever.jpg [36m304[0m 1.015 ms - -[0m
[0mGET /images/BG.jpg [33m404[0m 2.357 ms - 49[0m
[0mGET /index.js [36m304[0m 1.815 ms - -[0m
[0mGET /api/products [36m304[0m 5.136 ms - -[0m
[0mGET /api/products [36m304[0m 6.115 ms - -[0m
[0mGET /images/Avocado%20Face%20&%20Body%20Soap.jpg [36m304[0m 7.131 ms - -[0m
[0mGET /images/Forever%20Bee%20Honey.jpg [36m304[0m 7.913 ms - -[0m
[0mGET /images/Deep%20Moisturizing%20Cream.jpg [36m304[0m 8.957 ms - -[0m
[0mGET /images/Forever%20Bright%20Toothgel.jpg [36m304[0m 9.379 ms - -[0m
[0mGET /images/Aloe%20Cooling%20Lotion.jpg [36m304[0m 9.684 ms - -[0m
[0mGET /images/Aloe%20Body%20Wash.jpg [36m304[0m 10.255 ms - -[0m
[0mGET / [36m304[0m 1.916 ms - -[0m
[0mGET /client.css [32m200[0m 2.585 ms - 11512[0m
[0mGET /images/Forever.jpg [36m304[0m 2.286 ms - -[0m
[0mGET /images/BG.jpg [33m404[0m 2.534 ms - 49[0m
[0mGET /index.js [32m200[0m 1.758 ms - 22275[0m
[0mGET /api/products [36m304[0m 7.769 ms - -[0m
[0mGET /favicon.ico [33m404[0m 1.604 ms - 47[0m
[0mGET /api/products [36m304[0m 9.858 ms - -[0m
[0mGET /images/Forever%20Bright%20Toothgel.jpg [36m304[0m 4.583 ms - -[0m
[0mGET /images/Avocado%20Face%20&%20Body%20Soap.jpg [36m304[0m 4.871 ms - -[0m
[0mGET /images/Forever%20Bee%20Honey.jpg [36m304[0m 5.752 ms - -[0m
[0mGET /images/Deep%20Moisturizing%20Cream.jpg [36m304[0m 7.177 ms - -[0m
[0mGET /images/Aloe%20Cooling%20Lotion.jpg [36m304[0m 8.087 ms - -[0m
[0mGET /images/Aloe%20Body%20Wash.jpg [36m304[0m 2.289 ms - -[0m
[0mPOST /api/auth/login [33m401[0m 281.892 ms - 283[0m
[0mPOST /api/auth/login [33m401[0m 294.329 ms - 283[0m
[0mPOST /api/auth/login [33m401[0m 306.021 ms - 283[0m
[0mPOST /api/auth/login [33m401[0m 600.759 ms - 407[0m
[0mPOST /api/auth/login [33m401[0m 595.488 ms - 283[0m
[0mPOST /api/auth/login [33m401[0m 1089.876 ms - 407[0m
[0mPOST /api/auth/login [33m401[0m 903.499 ms - 407[0m
[0mPOST /api/auth/login [33m401[0m 995.618 ms - 283[0m
[0mPOST /api/auth/login [32m200[0m 262.482 ms - 436[0m
[0mGET /api/cart [36m304[0m 15.617 ms - -[0m
[0mGET /api/orders/my [36m304[0m 17.979 ms - -[0m
[0mGET /api/careers/my [36m304[0m 19.596 ms - -[0m
[0mPOST /api/cart/items [32m201[0m 10.464 ms - 287[0m
[0mGET /api/cart [32m200[0m 6.270 ms - 287[0m
[0mPOST /api/orders/checkout [32m201[0m 8.894 ms - 466[0m
[0mGET /api/cart [32m200[0m 8.555 ms - 132[0m
[0mGET /api/orders/my [32m200[0m 9.512 ms - 479[0m
[0mGET /api/orders/my [36m304[0m 7.179 ms - -[0m
[0mPOST /api/cart/items [32m201[0m 7.725 ms - 306[0m
[0mGET /api/cart [32m200[0m 6.217 ms - 306[0m
[0mPOST /api/cart/items [32m201[0m 9.896 ms - 472[0m
[0mGET /api/cart [32m200[0m 7.302 ms - 472[0m
[0mGET / [32m200[0m 1.766 ms - 6881[0m
[0mGET /images/Forever.jpg [36m304[0m 1.716 ms - -[0m
[0mGET /client.css [32m200[0m 4.659 ms - 11839[0m
[0mGET /images/BG.jpg [33m404[0m 4.869 ms - 49[0m
[0mGET /images/upi-qr.jpg [33m404[0m 1.583 ms - 53[0m
[0mGET /index.js [32m200[0m 2.878 ms - 22865[0m
[0mGET /api/auth/me [36m304[0m 8.191 ms - -[0m
[0mGET /api/products [36m304[0m 7.792 ms - -[0m
[0mGET /api/products [36m304[0m 7.974 ms - -[0m
[0mGET /images/Avocado%20Face%20&%20Body%20Soap.jpg [36m304[0m 6.423 ms - -[0m
[0mGET /images/Forever%20Bee%20Honey.jpg [36m304[0m 7.241 ms - -[0m
[0mGET /images/Deep%20Moisturizing%20Cream.jpg [36m304[0m 8.001 ms - -[0m
[0mGET /images/Forever%20Bright%20Toothgel.jpg [36m304[0m 8.970 ms - -[0m
[0mGET /images/Aloe%20Cooling%20Lotion.jpg [36m304[0m 9.699 ms - -[0m
[0mGET /images/Aloe%20Body%20Wash.jpg [36m304[0m 2.635 ms - -[0m
[0mGET /api/cart [36m304[0m 19.207 ms - -[0m
[0mGET /api/orders/my [36m304[0m 7.991 ms - -[0m
[0mGET /api/careers/my [36m304[0m 8.817 ms - -[0m
[0mGET /api/products [36m304[0m 9.012 ms - -[0m
[0mGET /api/products [36m304[0m 7.678 ms - -[0m
[0mGET /images/Avocado%20Face%20&%20Body%20Soap.jpg [36m304[0m 5.639 ms - -[0m
[0mGET /images/Forever%20Bee%20Honey.jpg [36m304[0m 6.551 ms - -[0m
[0mGET /images/Deep%20Moisturizing%20Cream.jpg [36m304[0m 7.379 ms - -[0m
[0mGET /images/Forever%20Bright%20Toothgel.jpg [36m304[0m 8.255 ms - -[0m
[0mGET /images/Aloe%20Cooling%20Lotion.jpg [36m304[0m 10.592 ms - -[0m
[0mGET /images/Aloe%20Body%20Wash.jpg [36m304[0m 2.986 ms - -[0m
[0mGET /api/cart [36m304[0m 19.936 ms - -[0m
[0mGET /api/orders/my [36m304[0m 9.182 ms - -[0m
[0mGET /api/careers/my [36m304[0m 8.612 ms - -[0m
[0mPOST /api/cart/items [32m201[0m 8.236 ms - 626[0m
[0mGET /api/cart [32m200[0m 6.356 ms - 626[0m
[0mGET / [36m304[0m 1.945 ms - -[0m
[0mGET /client.css [36m304[0m 1.819 ms - -[0m
[0mGET /images/BG.jpg [33m404[0m 2.863 ms - 49[0m
[0mGET /images/Forever.jpg [36m304[0m 3.621 ms - -[0m
[0mGET /images/upi-qr.jpg [33m404[0m 2.299 ms - 53[0m
[0mGET /index.js [36m304[0m 1.503 ms - -[0m
[0mGET /api/auth/me [36m304[0m 6.214 ms - -[0m
[0mGET /api/products [36m304[0m 6.068 ms - -[0m
[0mGET /api/products [36m304[0m 6.624 ms - -[0m
[0mGET /images/Avocado%20Face%20&%20Body%20Soap.jpg [36m304[0m 4.809 ms - -[0m
[0mGET /images/Forever%20Bee%20Honey.jpg [36m304[0m 5.131 ms - -[0m
[0mGET /images/Deep%20Moisturizing%20Cream.jpg [36m304[0m 5.378 ms - -[0m
[0mGET /images/Aloe%20Cooling%20Lotion.jpg [36m304[0m 5.185 ms - -[0m
[0mGET /images/Forever%20Bright%20Toothgel.jpg [36m304[0m 5.772 ms - -[0m
[0mGET /images/Aloe%20Body%20Wash.jpg [36m304[0m 5.650 ms - -[0m
[0mGET /api/cart [36m304[0m 7.016 ms - -[0m
[0mGET /api/orders/my [36m304[0m 6.743 ms - -[0m
[0mGET /api/careers/my [36m304[0m 6.631 ms - -[0m
[0mGET / [36m304[0m 1.687 ms - -[0m
[0mGET /client.css [36m304[0m 1.374 ms - -[0m
[0mGET /images/Forever.jpg [36m304[0m 2.271 ms - -[0m
[0mGET /images/BG.jpg [33m404[0m 2.971 ms - 49[0m
[0mGET /index.js [36m304[0m 0.319 ms - -[0m
[0mGET /images/upi-qr.jpg [33m404[0m 1.622 ms - 53[0m
[0mGET /api/auth/me [36m304[0m 6.532 ms - -[0m
[0mGET /api/products [36m304[0m 6.215 ms - -[0m
[0mGET /api/products [36m304[0m 6.531 ms - -[0m
[0mGET /images/Avocado%20Face%20&%20Body%20Soap.jpg [36m304[0m 4.822 ms - -[0m
[0mGET /images/Forever%20Bee%20Honey.jpg [36m304[0m 5.780 ms - -[0m
[0mGET /images/Deep%20Moisturizing%20Cream.jpg [36m304[0m 6.275 ms - -[0m
[0mGET /images/Forever%20Bright%20Toothgel.jpg [36m304[0m 6.512 ms - -[0m
[0mGET /images/Aloe%20Cooling%20Lotion.jpg [36m304[0m 7.482 ms - -[0m
[0mGET /images/Aloe%20Body%20Wash.jpg [36m304[0m 7.981 ms - -[0m
[0mGET /api/cart [36m304[0m 7.441 ms - -[0m
[0mGET /api/orders/my [36m304[0m 6.720 ms - -[0m
[0mGET /api/careers/my [36m304[0m 6.413 ms - -[0m
[0mGET / [36m304[0m 1.394 ms - -[0m
[0mGET /client.css [36m304[0m 1.204 ms - -[0m
[0mGET /images/Forever.jpg [36m304[0m 1.872 ms - -[0m
[0mGET /images/BG.jpg [33m404[0m 2.401 ms - 49[0m
[0mGET /index.js [36m304[0m 0.370 ms - -[0m
[0mGET /images/upi-qr.jpg [33m404[0m 1.631 ms - 53[0m
[0mGET /api/auth/me [36m304[0m 5.887 ms - -[0m
[0mGET /api/products [36m304[0m 6.838 ms - -[0m
[0mGET /api/products [36m304[0m 5.583 ms - -[0m
[0mGET /images/Avocado%20Face%20&%20Body%20Soap.jpg [36m304[0m 4.542 ms - -[0m
[0mGET /images/Forever%20Bee%20Honey.jpg [36m304[0m 5.047 ms - -[0m
[0mGET /images/Deep%20Moisturizing%20Cream.jpg [36m304[0m 5.315 ms - -[0m
[0mGET /images/Forever%20Bright%20Toothgel.jpg [36m304[0m 5.775 ms - -[0m
[0mGET /images/Aloe%20Cooling%20Lotion.jpg [36m304[0m 5.249 ms - -[0m
[0mGET /images/Aloe%20Body%20Wash.jpg [36m304[0m 5.393 ms - -[0m
[0mGET /api/cart [36m304[0m 6.941 ms - -[0m
[0mGET /api/orders/my [36m304[0m 6.557 ms - -[0m
[0mGET /api/careers/my [36m304[0m 5.902 ms - -[0m
[0mGET / [36m304[0m 1.796 ms - -[0m
[0mGET /client.css [36m304[0m 1.271 ms - -[0m
[0mGET /images/Forever.jpg [36m304[0m 3.038 ms - -[0m
[0mGET /images/BG.jpg [33m404[0m 3.047 ms - 49[0m
[0mGET /index.js [36m304[0m 0.927 ms - -[0m
[0mGET /images/upi-qr.jpg [33m404[0m 3.117 ms - 53[0m
[0mGET /api/auth/me [36m304[0m 5.506 ms - -[0m
[0mGET /api/products [36m304[0m 5.598 ms - -[0m
[0mGET /api/products [36m304[0m 6.131 ms - -[0m
[0mGET /images/Avocado%20Face%20&%20Body%20Soap.jpg [36m304[0m 5.003 ms - -[0m
[0mGET /images/Forever%20Bee%20Honey.jpg [36m304[0m 5.474 ms - -[0m
[0mGET /images/Deep%20Moisturizing%20Cream.jpg [36m304[0m 5.342 ms - -[0m
[0mGET /images/Forever%20Bright%20Toothgel.jpg [36m304[0m 7.128 ms - -[0m
[0mGET /images/Aloe%20Cooling%20Lotion.jpg [36m304[0m 6.917 ms - -[0m
[0mGET /images/Aloe%20Body%20Wash.jpg [36m304[0m 1.939 ms - -[0m
[0mGET /api/cart [36m304[0m 14.066 ms - -[0m
[0mGET /api/orders/my [36m304[0m 7.332 ms - -[0m
[0mGET /api/careers/my [36m304[0m 6.577 ms - -[0m
[0mGET / [36m304[0m 1.816 ms - -[0m
[0mGET /client.css [36m304[0m 0.803 ms - -[0m
[0mGET /images/Forever.jpg [36m304[0m 2.005 ms - -[0m
[0mGET /images/BG.jpg [33m404[0m 3.901 ms - 49[0m
[0mGET /index.js [36m304[0m 2.582 ms - -[0m
[0mGET /images/upi-qr.jpg [33m404[0m 5.941 ms - 53[0m
[0mGET /api/auth/me [36m304[0m 5.690 ms - -[0m
[0mGET /api/products [36m304[0m 6.007 ms - -[0m
[0mGET /api/products [36m304[0m 5.929 ms - -[0m
[0mGET /images/Avocado%20Face%20&%20Body%20Soap.jpg [36m304[0m 5.840 ms - -[0m
[0mGET /images/Forever%20Bee%20Honey.jpg [36m304[0m 6.447 ms - -[0m
[0mGET /images/Deep%20Moisturizing%20Cream.jpg [36m304[0m 7.149 ms - -[0m
[0mGET /images/Forever%20Bright%20Toothgel.jpg [36m304[0m 7.421 ms - -[0m
[0mGET /images/Aloe%20Cooling%20Lotion.jpg [36m304[0m 6.208 ms - -[0m
[0mGET /images/Aloe%20Body%20Wash.jpg [36m304[0m 7.172 ms - -[0m
[0mGET /api/cart [36m304[0m 7.714 ms - -[0m
[0mGET /api/orders/my [36m304[0m 5.538 ms - -[0m
[0mGET /api/careers/my [36m304[0m 6.081 ms - -[0m
[0mGET / [36m304[0m 1.585 ms - -[0m
[0mGET /client.css [36m304[0m 0.711 ms - -[0m
[0mGET /images/BG.jpg [33m404[0m 1.608 ms - 49[0m
[0mGET /images/Forever.jpg [36m304[0m 2.249 ms - -[0m
[0mGET /index.js [36m304[0m 0.848 ms - -[0m
[0mGET /images/upi-qr.jpg [32m200[0m 3.857 ms - 18809[0m
[0mGET /api/auth/me [36m304[0m 5.307 ms - -[0m
[0mGET /api/products [36m304[0m 4.975 ms - -[0m
[0mGET /api/products [36m304[0m 6.172 ms - -[0m
[0mGET /images/Avocado%20Face%20&%20Body%20Soap.jpg [36m304[0m 4.595 ms - -[0m
[0mGET /images/Forever%20Bee%20Honey.jpg [36m304[0m 5.171 ms - -[0m
[0mGET /images/Deep%20Moisturizing%20Cream.jpg [36m304[0m 5.447 ms - -[0m
[0mGET /images/Forever%20Bright%20Toothgel.jpg [36m304[0m 6.183 ms - -[0m
[0mGET /images/Aloe%20Body%20Wash.jpg [36m304[0m 5.880 ms - -[0m
[0mGET /images/Aloe%20Cooling%20Lotion.jpg [36m304[0m 7.364 ms - -[0m
[0mGET /api/cart [36m304[0m 8.694 ms - -[0m
[0mGET /api/orders/my [36m304[0m 7.116 ms - -[0m
[0mGET /api/careers/my [36m304[0m 7.532 ms - -[0m
[0mGET / [36m304[0m 1.626 ms - -[0m
[0mGET /client.css [36m304[0m 1.036 ms - -[0m
[0mGET /images/Forever.jpg [36m304[0m 1.568 ms - -[0m
[0mGET /images/BG.jpg [33m404[0m 1.997 ms - 49[0m
[0mGET /index.js [36m304[0m 0.793 ms - -[0m
[0mGET /images/upi-qr.jpg [36m304[0m 1.636 ms - -[0m
[0mGET /api/auth/me [36m304[0m 6.105 ms - -[0m
[0mGET /api/products [36m304[0m 6.524 ms - -[0m
[0mGET /api/products [36m304[0m 6.292 ms - -[0m
[0mGET /images/Avocado%20Face%20&%20Body%20Soap.jpg [36m304[0m 4.072 ms - -[0m
[0mGET /images/Deep%20Moisturizing%20Cream.jpg [36m304[0m 4.078 ms - -[0m
[0mGET /images/Forever%20Bee%20Honey.jpg [36m304[0m 5.378 ms - -[0m
[0mGET /images/Forever%20Bright%20Toothgel.jpg [36m304[0m 5.310 ms - -[0m
[0mGET /images/Aloe%20Cooling%20Lotion.jpg [36m304[0m 5.498 ms - -[0m
[0mGET /images/Aloe%20Body%20Wash.jpg [36m304[0m 6.100 ms - -[0m
[0mGET /api/cart [36m304[0m 8.078 ms - -[0m
[0mGET /api/orders/my [36m304[0m 6.199 ms - -[0m
[0mGET /api/careers/my [36m304[0m 6.710 ms - -[0m
[0mGET / [36m304[0m 1.680 ms - -[0m
[0mGET /client.css [36m304[0m 1.341 ms - -[0m
[0mGET /images/Forever.jpg [36m304[0m 2.483 ms - -[0m
[0mGET /images/BG.jpg [33m404[0m 3.698 ms - 49[0m
[0mGET /index.js [36m304[0m 0.373 ms - -[0m
[0mGET /images/upi-qr.jpg [36m304[0m 1.642 ms - -[0m
[0mGET /api/auth/me [36m304[0m 6.059 ms - -[0m
[0mGET /api/products [36m304[0m 7.506 ms - -[0m
[0mGET /api/products [36m304[0m 7.569 ms - -[0m
[0mGET /images/Avocado%20Face%20&%20Body%20Soap.jpg [36m304[0m 4.741 ms - -[0m
[0mGET /images/Forever%20Bee%20Honey.jpg [36m304[0m 5.597 ms - -[0m
[0mGET /images/Deep%20Moisturizing%20Cream.jpg [36m304[0m 6.191 ms - -[0m
[0mGET /images/Forever%20Bright%20Toothgel.jpg [36m304[0m 6.856 ms - -[0m
[0mGET /images/Aloe%20Cooling%20Lotion.jpg [36m304[0m 7.549 ms - -[0m
[0mGET /images/Aloe%20Body%20Wash.jpg [36m304[0m 8.066 ms - -[0m
[0mGET /api/cart [36m304[0m 8.799 ms - -[0m
[0mGET /api/orders/my [36m304[0m 7.739 ms - -[0m
[0mGET /api/careers/my [36m304[0m 6.668 ms - -[0m
[0mGET / [36m304[0m 1.424 ms - -[0m
[0mGET /client.css [36m304[0m 1.930 ms - -[0m
[0mGET /images/Forever.jpg [36m304[0m 3.318 ms - -[0m
[0mGET /images/BG.jpg [33m404[0m 3.249 ms - 49[0m
[0mGET /index.js [36m304[0m 0.586 ms - -[0m
[0mGET /images/upi-qr.jpg [36m304[0m 2.267 ms - -[0m
[0mGET /api/auth/me [36m304[0m 5.277 ms - -[0m
[0mGET /api/products [36m304[0m 5.293 ms - -[0m
[0mGET /api/products [36m304[0m 9.481 ms - -[0m
[0mGET /images/Avocado%20Face%20&%20Body%20Soap.jpg [36m304[0m 3.691 ms - -[0m
[0mGET /images/Forever%20Bee%20Honey.jpg [36m304[0m 4.326 ms - -[0m
[0mGET /images/Deep%20Moisturizing%20Cream.jpg [36m304[0m 4.601 ms - -[0m
[0mGET /images/Forever%20Bright%20Toothgel.jpg [36m304[0m 4.809 ms - -[0m
[0mGET /images/Aloe%20Cooling%20Lotion.jpg [36m304[0m 5.020 ms - -[0m
[0mGET /images/Aloe%20Body%20Wash.jpg [36m304[0m 5.187 ms - -[0m
[0mGET /api/cart [36m304[0m 7.229 ms - -[0m
[0mGET /api/orders/my [36m304[0m 5.912 ms - -[0m
[0mGET /api/careers/my [36m304[0m 6.678 ms - -[0m
[0mGET / [36m304[0m 1.485 ms - -[0m
[0mGET /client.css [36m304[0m 2.404 ms - -[0m
[0mGET /images/Forever.jpg [36m304[0m 4.348 ms - -[0m
[0mGET /images/BG.jpg [33m404[0m 4.036 ms - 49[0m
[0mGET /index.js [36m304[0m 0.356 ms - -[0m
[0mGET /images/upi-qr.jpg [36m304[0m 3.621 ms - -[0m
[0mGET /api/auth/me [36m304[0m 5.896 ms - -[0m
[0mGET /api/products [36m304[0m 5.606 ms - -[0m
[0mGET /api/products [36m304[0m 6.589 ms - -[0m
[0mGET /images/Avocado%20Face%20&%20Body%20Soap.jpg [36m304[0m 3.591 ms - -[0m
[0mGET /images/Forever%20Bee%20Honey.jpg [36m304[0m 3.987 ms - -[0m
[0mGET /images/Deep%20Moisturizing%20Cream.jpg [36m304[0m 4.550 ms - -[0m
[0mGET /images/Forever%20Bright%20Toothgel.jpg [36m304[0m 5.012 ms - -[0m
[0mGET /images/Aloe%20Cooling%20Lotion.jpg [36m304[0m 5.425 ms - -[0m
[0mGET /images/Aloe%20Body%20Wash.jpg [36m304[0m 5.777 ms - -[0m
[0mGET /api/cart [36m304[0m 6.936 ms - -[0m
[0mGET /api/orders/my [36m304[0m 7.147 ms - -[0m
[0mGET /api/careers/my [36m304[0m 6.327 ms - -[0m
[0mGET / [36m304[0m 1.576 ms - -[0m
[0mGET /client.css [36m304[0m 2.061 ms - -[0m
[0mGET /images/BG.jpg [33m404[0m 1.863 ms - 49[0m
[0mGET /images/Forever.jpg [36m304[0m 3.781 ms - -[0m
[0mGET /index.js [36m304[0m 0.661 ms - -[0m
[0mGET /images/upi-qr.jpg [36m304[0m 1.931 ms - -[0m
[0mGET /api/auth/me [36m304[0m 6.321 ms - -[0m
[0mGET /api/products [36m304[0m 6.660 ms - -[0m
[0mGET /api/products [36m304[0m 6.966 ms - -[0m
[0mGET /images/Avocado%20Face%20&%20Body%20Soap.jpg [36m304[0m 5.492 ms - -[0m
[0mGET /images/Forever%20Bee%20Honey.jpg [36m304[0m 6.257 ms - -[0m
[0mGET /images/Forever%20Bright%20Toothgel.jpg [36m304[0m 6.557 ms - -[0m
[0mGET /images/Deep%20Moisturizing%20Cream.jpg [36m304[0m 8.202 ms - -[0m
[0mGET /images/Aloe%20Cooling%20Lotion.jpg [36m304[0m 7.964 ms - -[0m
[0mGET /images/Aloe%20Body%20Wash.jpg [36m304[0m 8.593 ms - -[0m
[0mGET /api/cart [36m304[0m 8.558 ms - -[0m
[0mGET /api/orders/my [36m304[0m 7.610 ms - -[0m
[0mGET /api/careers/my [36m304[0m 7.964 ms - -[0m
[0mGET / [36m304[0m 1.871 ms - -[0m
[0mGET /client.css [36m304[0m 1.495 ms - -[0m
[0mGET /images/BG.jpg [33m404[0m 2.737 ms - 49[0m
[0mGET /images/Forever.jpg [36m304[0m 3.871 ms - -[0m
[0mGET /index.js [36m304[0m 0.314 ms - -[0m
[0mGET /images/upi-qr.jpg [36m304[0m 1.681 ms - -[0m
[0mGET /api/auth/me [36m304[0m 5.936 ms - -[0m
[0mGET /api/products [36m304[0m 5.695 ms - -[0m
[0mGET /api/products [36m304[0m 4.957 ms - -[0m
[0mGET /images/Avocado%20Face%20&%20Body%20Soap.jpg [36m304[0m 3.923 ms - -[0m
[0mGET /images/Forever%20Bee%20Honey.jpg [36m304[0m 4.321 ms - -[0m
[0mGET /images/Deep%20Moisturizing%20Cream.jpg [36m304[0m 4.712 ms - -[0m
[0mGET /images/Forever%20Bright%20Toothgel.jpg [36m304[0m 5.098 ms - -[0m
[0mGET /images/Aloe%20Cooling%20Lotion.jpg [36m304[0m 5.664 ms - -[0m
[0mGET /images/Aloe%20Body%20Wash.jpg [36m304[0m 5.892 ms - -[0m
[0mGET /api/cart [36m304[0m 6.385 ms - -[0m
[0mGET /api/orders/my [36m304[0m 7.580 ms - -[0m
[0mGET /api/careers/my [36m304[0m 6.005 ms - -[0m
[0mGET / [36m304[0m 1.555 ms - -[0m
[0mGET /client.css [36m304[0m 1.266 ms - -[0m
[0mGET /images/Forever.jpg [36m304[0m 2.462 ms - -[0m
[0mGET /images/BG.jpg [33m404[0m 2.906 ms - 49[0m
[0mGET /index.js [36m304[0m 0.316 ms - -[0m
[0mGET /images/upi-qr.jpg [36m304[0m 1.635 ms - -[0m
[0mGET /api/auth/me [36m304[0m 5.127 ms - -[0m
[0mGET /api/products [36m304[0m 5.827 ms - -[0m
[0mGET /api/products [36m304[0m 5.036 ms - -[0m
[0mGET /images/Avocado%20Face%20&%20Body%20Soap.jpg [36m304[0m 3.421 ms - -[0m
[0mGET /images/Forever%20Bee%20Honey.jpg [36m304[0m 4.037 ms - -[0m
[0mGET /images/Deep%20Moisturizing%20Cream.jpg [36m304[0m 4.389 ms - -[0m
[0mGET /images/Forever%20Bright%20Toothgel.jpg [36m304[0m 4.748 ms - -[0m
[0mGET /images/Aloe%20Cooling%20Lotion.jpg [36m304[0m 5.362 ms - -[0m
[0mGET /images/Aloe%20Body%20Wash.jpg [36m304[0m 6.330 ms - -[0m
[0mGET /api/cart [36m304[0m 7.972 ms - -[0m
[0mGET /api/orders/my [36m304[0m 5.721 ms - -[0m
[0mGET /api/careers/my [36m304[0m 5.880 ms - -[0m
[0mGET / [36m304[0m 2.383 ms - -[0m
[0mGET /client.css [36m304[0m 0.976 ms - -[0m
[0mGET /images/Forever.jpg [36m304[0m 1.515 ms - -[0m
[0mGET /images/BG.jpg [33m404[0m 2.090 ms - 49[0m
[0mGET /images/upi-qr.jpg [36m304[0m 0.783 ms - -[0m
[0mGET /index.js [36m304[0m 0.418 ms - -[0m
[0mGET /api/auth/me [36m304[0m 6.202 ms - -[0m
[0mGET /api/products [36m304[0m 5.846 ms - -[0m
[0mGET /api/products [36m304[0m 6.642 ms - -[0m
[0mGET /images/Avocado%20Face%20&%20Body%20Soap.jpg [36m304[0m 3.141 ms - -[0m
[0mGET /images/Deep%20Moisturizing%20Cream.jpg [36m304[0m 3.531 ms - -[0m
[0mGET /images/Forever%20Bright%20Toothgel.jpg [36m304[0m 4.098 ms - -[0m
[0mGET /images/Forever%20Bee%20Honey.jpg [36m304[0m 5.861 ms - -[0m
[0mGET /images/Aloe%20Cooling%20Lotion.jpg [36m304[0m 5.850 ms - -[0m
[0mGET /images/Aloe%20Body%20Wash.jpg [36m304[0m 6.495 ms - -[0m
[0mGET /api/cart [36m304[0m 9.122 ms - -[0m
[0mGET /api/orders/my [36m304[0m 6.047 ms - -[0m
[0mGET /api/careers/my [36m304[0m 6.167 ms - -[0m
[0mGET / [36m304[0m 1.565 ms - -[0m
[0mGET /client.css [36m304[0m 0.981 ms - -[0m
[0mGET /images/Forever.jpg [36m304[0m 1.926 ms - -[0m
[0mGET /images/BG.jpg [33m404[0m 2.727 ms - 49[0m
[0mGET /index.js [36m304[0m 0.579 ms - -[0m
[0mGET /images/upi-qr.jpg [36m304[0m 1.730 ms - -[0m
[0mGET /api/auth/me [36m304[0m 5.835 ms - -[0m
[0mGET /api/products [36m304[0m 5.138 ms - -[0m
[0mGET /api/products [36m304[0m 6.458 ms - -[0m
[0mGET /images/Avocado%20Face%20&%20Body%20Soap.jpg [36m304[0m 4.737 ms - -[0m
[0mGET /images/Forever%20Bee%20Honey.jpg [36m304[0m 5.019 ms - -[0m
[0mGET /images/Deep%20Moisturizing%20Cream.jpg [36m304[0m 5.533 ms - -[0m
[0mGET /images/Forever%20Bright%20Toothgel.jpg [36m304[0m 5.989 ms - -[0m
[0mGET /images/Aloe%20Cooling%20Lotion.jpg [36m304[0m 6.319 ms - -[0m
[0mGET /images/Aloe%20Body%20Wash.jpg [36m304[0m 6.914 ms - -[0m
[0mGET /api/cart [36m304[0m 6.281 ms - -[0m
[0mGET /api/orders/my [36m304[0m 7.000 ms - -[0m
[0mGET /api/careers/my [36m304[0m 7.631 ms - -[0m
[0mGET / [36m304[0m 1.659 ms - -[0m
[0mGET /client.css [36m304[0m 1.926 ms - -[0m
[0mGET /images/Forever.jpg [36m304[0m 3.104 ms - -[0m
[0mGET /images/BG.jpg [33m404[0m 3.658 ms - 49[0m
[0mGET /index.js [36m304[0m 0.393 ms - -[0m
[0mGET /images/upi-qr.jpg [36m304[0m 1.989 ms - -[0m
[0mGET /api/auth/me [36m304[0m 5.117 ms - -[0m
[0mGET /api/products [36m304[0m 5.979 ms - -[0m
[0mGET /api/products [36m304[0m 6.307 ms - -[0m
[0mGET /images/Avocado%20Face%20&%20Body%20Soap.jpg [36m304[0m 3.923 ms - -[0m
[0mGET /images/Forever%20Bee%20Honey.jpg [36m304[0m 4.642 ms - -[0m
[0mGET /images/Deep%20Moisturizing%20Cream.jpg [36m304[0m 5.371 ms - -[0m
[0mGET /images/Forever%20Bright%20Toothgel.jpg [36m304[0m 6.481 ms - -[0m
[0mGET /images/Aloe%20Cooling%20Lotion.jpg [36m304[0m 7.270 ms - -[0m
[0mGET /images/Aloe%20Body%20Wash.jpg [36m304[0m 7.981 ms - -[0m
[0mGET /api/cart [36m304[0m 8.128 ms - -[0m
[0mGET /api/orders/my [36m304[0m 6.096 ms - -[0m
[0mGET /api/careers/my [36m304[0m 5.540 ms - -[0m
[0mGET / [36m304[0m 1.454 ms - -[0m
[0mGET /client.css [36m304[0m 0.802 ms - -[0m
[0mGET /images/Forever.jpg [36m304[0m 3.039 ms - -[0m
[0mGET /images/BG.jpg [33m404[0m 3.955 ms - 49[0m
[0mGET /index.js [36m304[0m 0.290 ms - -[0m
[0mGET /images/upi-qr.jpg [36m304[0m 1.165 ms - -[0m
[0mGET /api/auth/me [36m304[0m 6.380 ms - -[0m
[0mGET /api/products [36m304[0m 5.812 ms - -[0m
[0mGET /api/products [36m304[0m 6.543 ms - -[0m
[0mGET /images/Avocado%20Face%20&%20Body%20Soap.jpg [36m304[0m 4.135 ms - -[0m
[0mGET /images/Forever%20Bee%20Honey.jpg [36m304[0m 4.599 ms - -[0m
[0mGET /images/Deep%20Moisturizing%20Cream.jpg [36m304[0m 5.329 ms - -[0m
[0mGET /images/Forever%20Bright%20Toothgel.jpg [36m304[0m 5.807 ms - -[0m
[0mGET /images/Aloe%20Cooling%20Lotion.jpg [36m304[0m 6.145 ms - -[0m
[0mGET /images/Aloe%20Body%20Wash.jpg [36m304[0m 6.571 ms - -[0m
[0mGET /api/cart [36m304[0m 6.248 ms - -[0m
[0mGET /api/orders/my [36m304[0m 6.065 ms - -[0m
[0mGET /api/careers/my [36m304[0m 6.499 ms - -[0m
[0mGET / [36m304[0m 1.058 ms - -[0m
[0mGET /client.css [36m304[0m 0.474 ms - -[0m
[0mGET /images/Forever.jpg [36m304[0m 1.269 ms - -[0m
[0mGET /images/BG.jpg [33m404[0m 1.996 ms - 49[0m
[0mGET /index.js [36m304[0m 0.814 ms - -[0m
[0mGET /images/upi-qr.jpg [36m304[0m 2.102 ms - -[0m
[0mGET /api/auth/me [36m304[0m 6.080 ms - -[0m
[0mGET /api/products [36m304[0m 6.443 ms - -[0m
[0mGET /api/products [36m304[0m 7.991 ms - -[0m
[0mGET /images/Avocado%20Face%20&%20Body%20Soap.jpg [36m304[0m 1.802 ms - -[0m
[0mGET /images/Forever%20Bee%20Honey.jpg [36m304[0m 2.368 ms - -[0m
[0mGET /images/Deep%20Moisturizing%20Cream.jpg [36m304[0m 3.027 ms - -[0m
[0mGET /images/Forever%20Bright%20Toothgel.jpg [36m304[0m 1.816 ms - -[0m
[0mGET /images/Aloe%20Cooling%20Lotion.jpg [36m304[0m 2.634 ms - -[0m
[0mGET /images/Aloe%20Body%20Wash.jpg [36m304[0m 3.349 ms - -[0m
[0mGET /api/cart [36m304[0m 9.070 ms - -[0m
[0mGET /api/orders/my [36m304[0m 6.043 ms - -[0m
[0mGET /api/careers/my [36m304[0m 6.026 ms - -[0m
[0mPOST /api/orders/checkout [32m201[0m 8.120 ms - 807[0m
[0mGET /api/cart [32m200[0m 10.821 ms - 132[0m
[0mGET /api/orders/my [32m200[0m 12.339 ms - 1277[0m
[0mGET / [36m304[0m 1.483 ms - -[0m
[0mGET /client.css [36m304[0m 0.509 ms - -[0m
[0mGET /images/BG.jpg [33m404[0m 1.178 ms - 49[0m
[0mGET /images/Forever.jpg [36m304[0m 1.934 ms - -[0m
[0mGET /index.js [36m304[0m 0.557 ms - -[0m
[0mGET /images/upi-qr.jpg [36m304[0m 2.114 ms - -[0m
[0mGET /api/auth/me [36m304[0m 5.819 ms - -[0m
[0mGET /api/products [36m304[0m 5.249 ms - -[0m
[0mGET /api/products [36m304[0m 5.983 ms - -[0m
[0mGET /images/Avocado%20Face%20&%20Body%20Soap.jpg [36m304[0m 3.112 ms - -[0m
[0mGET /images/Forever%20Bee%20Honey.jpg [36m304[0m 3.493 ms - -[0m
[0mGET /images/Deep%20Moisturizing%20Cream.jpg [36m304[0m 3.570 ms - -[0m
[0mGET /images/Forever%20Bright%20Toothgel.jpg [36m304[0m 3.907 ms - -[0m
[0mGET /images/Aloe%20Cooling%20Lotion.jpg [36m304[0m 4.602 ms - -[0m
[0mGET /images/Aloe%20Body%20Wash.jpg [36m304[0m 2.909 ms - -[0m
[0mGET /api/cart [36m304[0m 8.346 ms - -[0m
[0mGET /api/orders/my [36m304[0m 7.067 ms - -[0m
[0mGET /api/careers/my [36m304[0m 7.830 ms - -[0m
[0mGET / [36m304[0m 1.469 ms - -[0m
[0mGET /client.css [36m304[0m 0.842 ms - -[0m
[0mGET /images/Forever.jpg [36m304[0m 3.706 ms - -[0m
[0mGET /images/BG.jpg [33m404[0m 4.384 ms - 49[0m
[0mGET /index.js [36m304[0m 2.465 ms - -[0m
[0mGET /images/upi-qr.jpg [36m304[0m 3.974 ms - -[0m
[0mGET /api/auth/me [36m304[0m 5.493 ms - -[0m
[0mGET /api/products [36m304[0m 6.299 ms - -[0m
[0mGET /api/products [36m304[0m 5.564 ms - -[0m
[0mGET /images/Avocado%20Face%20&%20Body%20Soap.jpg [36m304[0m 2.960 ms - -[0m
[0mGET /images/Forever%20Bee%20Honey.jpg [36m304[0m 3.778 ms - -[0m
[0mGET /images/Deep%20Moisturizing%20Cream.jpg [36m304[0m 6.083 ms - -[0m
[0mGET /images/Forever%20Bright%20Toothgel.jpg [36m304[0m 6.309 ms - -[0m
[0mGET /images/Aloe%20Cooling%20Lotion.jpg [36m304[0m 8.110 ms - -[0m
[0mGET /images/Aloe%20Body%20Wash.jpg [36m304[0m 5.656 ms - -[0m
[0mGET /api/cart [36m304[0m 8.105 ms - -[0m
[0mGET /api/orders/my [36m304[0m 6.134 ms - -[0m
[0mGET /api/careers/my [36m304[0m 5.865 ms - -[0m
[0mGET / [36m304[0m 1.376 ms - -[0m
[0mGET /client.css [36m304[0m 1.298 ms - -[0m
[0mGET /images/BG.jpg [33m404[0m 2.456 ms - 49[0m
[0mGET /images/Forever.jpg [36m304[0m 4.078 ms - -[0m
[0mGET /index.js [36m304[0m 0.446 ms - -[0m
[0mGET /images/upi-qr.jpg [36m304[0m 1.564 ms - -[0m
[0mGET /api/auth/me [36m304[0m 5.732 ms - -[0m
[0mGET /api/products [36m304[0m 5.584 ms - -[0m
[0mGET /api/products [36m304[0m 6.807 ms - -[0m
[0mGET /images/Avocado%20Face%20&%20Body%20Soap.jpg [36m304[0m 2.957 ms - -[0m
[0mGET /images/Forever%20Bee%20Honey.jpg [36m304[0m 3.522 ms - -[0m
[0mGET /images/Deep%20Moisturizing%20Cream.jpg [36m304[0m 4.076 ms - -[0m
[0mGET /images/Forever%20Bright%20Toothgel.jpg [36m304[0m 4.758 ms - -[0m
[0mGET /images/Aloe%20Cooling%20Lotion.jpg [36m304[0m 5.566 ms - -[0m
[0mGET /images/Aloe%20Body%20Wash.jpg [36m304[0m 6.051 ms - -[0m
[0mGET /api/cart [36m304[0m 6.780 ms - -[0m
[0mGET /api/orders/my [36m304[0m 6.045 ms - -[0m
[0mGET /api/careers/my [36m304[0m 6.430 ms - -[0m
[0mGET / [36m304[0m 1.521 ms - -[0m
[0mGET /client.css [36m304[0m 0.734 ms - -[0m
[0mGET /images/Forever.jpg [36m304[0m 1.772 ms - -[0m
[0mGET /images/BG.jpg [33m404[0m 2.683 ms - 49[0m
[0mGET /index.js [36m304[0m 0.519 ms - -[0m
[0mGET /images/upi-qr.jpg [36m304[0m 1.843 ms - -[0m
[0mGET /api/auth/me [36m304[0m 5.774 ms - -[0m
[0mGET /api/products [36m304[0m 5.508 ms - -[0m
[0mGET /api/products [36m304[0m 5.758 ms - -[0m
[0mGET /images/Avocado%20Face%20&%20Body%20Soap.jpg [36m304[0m 4.131 ms - -[0m
[0mGET /images/Forever%20Bee%20Honey.jpg [36m304[0m 4.911 ms - -[0m
[0mGET /images/Deep%20Moisturizing%20Cream.jpg [36m304[0m 5.261 ms - -[0m
[0mGET /images/Forever%20Bright%20Toothgel.jpg [36m304[0m 5.638 ms - -[0m
[0mGET /images/Aloe%20Cooling%20Lotion.jpg [36m304[0m 6.516 ms - -[0m
[0mGET /images/Aloe%20Body%20Wash.jpg [36m304[0m 7.186 ms - -[0m
[0mGET /api/cart [36m304[0m 6.456 ms - -[0m
[0mGET /api/orders/my [36m304[0m 6.490 ms - -[0m
[0mGET /api/careers/my [36m304[0m 5.658 ms - -[0m
[0mGET / [36m304[0m 1.399 ms - -[0m
[0mGET /client.css [36m304[0m 1.271 ms - -[0m
[0mGET /images/Forever.jpg [36m304[0m 1.971 ms - -[0m
[0mGET /images/BG.jpg [33m404[0m 2.362 ms - 49[0m
[0mGET /images/upi-qr.jpg [36m304[0m 3.050 ms - -[0m
[0mGET /index.js [36m304[0m 1.309 ms - -[0m
[0mGET /api/auth/me [36m304[0m 5.370 ms - -[0m
[0mGET /api/products [36m304[0m 5.135 ms - -[0m
[0mGET /api/products [36m304[0m 6.280 ms - -[0m
[0mGET /images/Avocado%20Face%20&%20Body%20Soap.jpg [36m304[0m 3.961 ms - -[0m
[0mGET /images/Forever%20Bee%20Honey.jpg [36m304[0m 5.197 ms - -[0m
[0mGET /images/Deep%20Moisturizing%20Cream.jpg [36m304[0m 6.092 ms - -[0m
[0mGET /images/Forever%20Bright%20Toothgel.jpg [36m304[0m 7.301 ms - -[0m
[0mGET /images/Aloe%20Cooling%20Lotion.jpg [36m304[0m 7.789 ms - -[0m
[0mGET /images/Aloe%20Body%20Wash.jpg [36m304[0m 8.358 ms - -[0m
[0mGET /api/cart [36m304[0m 8.880 ms - -[0m
[0mGET /api/orders/my [36m304[0m 7.797 ms - -[0m
[0mGET /api/careers/my [36m304[0m 6.231 ms - -[0m
[0mGET / [36m304[0m 1.316 ms - -[0m
[0mGET /client.css [36m304[0m 1.149 ms - -[0m
[0mGET /images/Forever.jpg [36m304[0m 2.056 ms - -[0m
[0mGET /images/BG.jpg [33m404[0m 2.565 ms - 49[0m
[0mGET /index.js [36m304[0m 0.698 ms - -[0m
[0mGET /images/upi-qr.jpg [36m304[0m 2.248 ms - -[0m
[0mGET /api/auth/me [36m304[0m 5.810 ms - -[0m
[0mGET /api/products [36m304[0m 6.354 ms - -[0m
[0mGET /api/products [36m304[0m 6.499 ms - -[0m
[0mGET /images/Avocado%20Face%20&%20Body%20Soap.jpg [36m304[0m 4.817 ms - -[0m
[0mGET /images/Forever%20Bee%20Honey.jpg [36m304[0m 5.805 ms - -[0m
[0mGET /images/Deep%20Moisturizing%20Cream.jpg [36m304[0m 6.383 ms - -[0m
[0mGET /images/Forever%20Bright%20Toothgel.jpg [36m304[0m 6.771 ms - -[0m
[0mGET /images/Aloe%20Cooling%20Lotion.jpg [36m304[0m 7.032 ms - -[0m
[0mGET /images/Aloe%20Body%20Wash.jpg [36m304[0m 7.479 ms - -[0m
[0mGET /api/cart [36m304[0m 8.340 ms - -[0m
[0mGET /api/orders/my [36m304[0m 7.249 ms - -[0m
[0mGET /api/careers/my [36m304[0m 6.558 ms - -[0m
[0mGET / [36m304[0m 1.536 ms - -[0m
[0mGET /client.css [36m304[0m 1.001 ms - -[0m
[0mGET /images/Forever.jpg [36m304[0m 1.878 ms - -[0m
[0mGET /images/BG.jpg [33m404[0m 3.417 ms - 49[0m
[0mGET /images/upi-qr.jpg [36m304[0m 0.879 ms - -[0m
[0mGET /index.js [36m304[0m 0.915 ms - -[0m
[0mGET /api/auth/me [36m304[0m 5.154 ms - -[0m
[0mGET /api/products [36m304[0m 7.004 ms - -[0m
[0mGET /api/products [36m304[0m 6.539 ms - -[0m
[0mGET /images/Avocado%20Face%20&%20Body%20Soap.jpg [36m304[0m 2.867 ms - -[0m
[0mGET /images/Forever%20Bee%20Honey.jpg [36m304[0m 3.552 ms - -[0m
[0mGET /images/Deep%20Moisturizing%20Cream.jpg [36m304[0m 3.769 ms - -[0m
[0mGET /images/Forever%20Bright%20Toothgel.jpg [36m304[0m 4.420 ms - -[0m
[0mGET /images/Aloe%20Cooling%20Lotion.jpg [36m304[0m 4.763 ms - -[0m
[0mGET /images/Aloe%20Body%20Wash.jpg [36m304[0m 5.134 ms - -[0m
[0mGET /api/cart [36m304[0m 8.200 ms - -[0m
[0mGET /api/orders/my [36m304[0m 7.800 ms - -[0m
[0mGET /api/careers/my [36m304[0m 7.150 ms - -[0m
[0mGET / [36m304[0m 1.605 ms - -[0m
[0mGET /client.css [36m304[0m 1.174 ms - -[0m
[0mGET /images/BG.jpg [33m404[0m 2.938 ms - 49[0m
[0mGET /images/Forever.jpg [36m304[0m 4.366 ms - -[0m
[0mGET /index.js [36m304[0m 0.808 ms - -[0m
[0mGET /images/upi-qr.jpg [36m304[0m 2.211 ms - -[0m
[0mGET /api/auth/me [36m304[0m 6.095 ms - -[0m
[0mGET /api/products [36m304[0m 4.819 ms - -[0m
[0mGET /api/products [36m304[0m 6.085 ms - -[0m
[0mGET /images/Avocado%20Face%20&%20Body%20Soap.jpg [36m304[0m 3.828 ms - -[0m
[0mGET /images/Forever%20Bee%20Honey.jpg [36m304[0m 4.448 ms - -[0m
[0mGET /images/Deep%20Moisturizing%20Cream.jpg [36m304[0m 4.931 ms - -[0m
[0mGET /images/Forever%20Bright%20Toothgel.jpg [36m304[0m 5.582 ms - -[0m
[0mGET /images/Aloe%20Cooling%20Lotion.jpg [36m304[0m 6.581 ms - -[0m
[0mGET /images/Aloe%20Body%20Wash.jpg [36m304[0m 7.204 ms - -[0m
[0mGET /api/cart [36m304[0m 7.789 ms - -[0m
[0mGET /api/orders/my [36m304[0m 5.815 ms - -[0m
[0mGET /api/careers/my [36m304[0m 6.494 ms - -[0m
[0mGET / [36m304[0m 1.536 ms - -[0m
[0mGET /client.css [36m304[0m 1.120 ms - -[0m
[0mGET /images/Forever.jpg [36m304[0m 2.204 ms - -[0m
[0mGET /images/BG.jpg [33m404[0m 2.966 ms - 49[0m
[0mGET /index.js [36m304[0m 0.435 ms - -[0m
[0mGET /images/upi-qr.jpg [36m304[0m 1.722 ms - -[0m
[0mGET /api/auth/me [36m304[0m 4.660 ms - -[0m
[0mGET /api/products [36m304[0m 6.275 ms - -[0m
[0mGET /api/products [36m304[0m 6.174 ms - -[0m
[0mGET /images/Avocado%20Face%20&%20Body%20Soap.jpg [36m304[0m 3.159 ms - -[0m
[0mGET /images/Forever%20Bee%20Honey.jpg [36m304[0m 3.571 ms - -[0m
[0mGET /images/Deep%20Moisturizing%20Cream.jpg [36m304[0m 4.192 ms - -[0m
[0mGET /images/Forever%20Bright%20Toothgel.jpg [36m304[0m 4.334 ms - -[0m
[0mGET /images/Aloe%20Cooling%20Lotion.jpg [36m304[0m 4.901 ms - -[0m
[0mGET /images/Aloe%20Body%20Wash.jpg [36m304[0m 5.298 ms - -[0m
[0mGET /api/cart [36m304[0m 7.923 ms - -[0m
[0mGET /api/orders/my [36m304[0m 7.551 ms - -[0m
[0mGET /api/careers/my [36m304[0m 6.866 ms - -[0m
[0mGET / [36m304[0m 1.806 ms - -[0m
[0mGET /client.css [36m304[0m 0.599 ms - -[0m
[0mGET /images/BG.jpg [33m404[0m 1.658 ms - 49[0m
[0mGET /images/Forever.jpg [36m304[0m 2.543 ms - -[0m
[0mGET /index.js [36m304[0m 0.570 ms - -[0m
[0mGET /images/upi-qr.jpg [36m304[0m 1.670 ms - -[0m
[0mGET /api/auth/me [36m304[0m 5.134 ms - -[0m
[0mGET /api/products [36m304[0m 5.526 ms - -[0m
[0mGET /api/products [36m304[0m 7.431 ms - -[0m
[0mGET /images/Avocado%20Face%20&%20Body%20Soap.jpg [36m304[0m 4.149 ms - -[0m
[0mGET /images/Forever%20Bee%20Honey.jpg [36m304[0m 4.637 ms - -[0m
[0mGET /images/Forever%20Bright%20Toothgel.jpg [36m304[0m 4.480 ms - -[0m
[0mGET /images/Deep%20Moisturizing%20Cream.jpg [36m304[0m 5.842 ms - -[0m
[0mGET /images/Aloe%20Cooling%20Lotion.jpg [36m304[0m 5.996 ms - -[0m
[0mGET /images/Aloe%20Body%20Wash.jpg [36m304[0m 6.687 ms - -[0m
[0mGET /api/cart [36m304[0m 5.746 ms - -[0m
[0mGET /api/orders/my [36m304[0m 6.426 ms - -[0m
[0mGET /api/careers/my [36m304[0m 6.534 ms - -[0m
[0mGET /client.css [36m304[0m 0.904 ms - -[0m
[0mGET /.well-known/appspecific/com.chrome.devtools.json [33m404[0m 1.421 ms - 84[0m
